<?xml version="1.0" encoding="UTF-8"?>
<testng-results ignored="0" total="2" passed="2" failed="0" skipped="0">
  <reporter-output>
  </reporter-output>
  <suite started-at="2021-07-18T11:44:37 IST" name="Default suite" finished-at="2021-07-18T11:45:06 IST" duration-ms="29231">
    <groups>
    </groups>
    <test started-at="2021-07-18T11:44:37 IST" name="Default test" finished-at="2021-07-18T11:45:06 IST" duration-ms="29231">
      <class name="testScripts.Login">
        <test-method signature="segmentLogin()[pri:1, instance:testScripts.Login@7ee955a8]" started-at="2021-07-18T11:44:37 IST" name="segmentLogin" finished-at="2021-07-18T11:45:02 IST" duration-ms="24706" status="PASS">
          <reporter-output>
          </reporter-output>
        </test-method> <!-- segmentLogin -->
        <test-method signature="newlogin()[pri:2, instance:testScripts.Login@7ee955a8]" started-at="2021-07-18T11:45:02 IST" name="newlogin" finished-at="2021-07-18T11:45:06 IST" duration-ms="4482" status="PASS">
          <reporter-output>
          </reporter-output>
        </test-method> <!-- newlogin -->
      </class> <!-- testScripts.Login -->
    </test> <!-- Default test -->
  </suite> <!-- Default suite -->
</testng-results>
