<?xml version="1.0" encoding="UTF-8"?>
<testng-results ignored="0" total="2" passed="2" failed="0" skipped="0">
  <reporter-output>
  </reporter-output>
  <suite started-at="2021-07-18T11:27:40 IST" name="Default suite" finished-at="2021-07-18T11:28:14 IST" duration-ms="33883">
    <groups>
    </groups>
    <test started-at="2021-07-18T11:27:40 IST" name="Default test" finished-at="2021-07-18T11:28:14 IST" duration-ms="33883">
      <class name="testScripts.Login">
        <test-method signature="segmentLogin()[pri:1, instance:testScripts.Login@5e316c74]" started-at="2021-07-18T11:27:41 IST" name="segmentLogin" finished-at="2021-07-18T11:28:07 IST" duration-ms="25931" status="PASS">
          <reporter-output>
          </reporter-output>
        </test-method> <!-- segmentLogin -->
        <test-method signature="newlogin()[pri:2, instance:testScripts.Login@5e316c74]" started-at="2021-07-18T11:28:07 IST" name="newlogin" finished-at="2021-07-18T11:28:14 IST" duration-ms="7689" status="PASS">
          <reporter-output>
          </reporter-output>
        </test-method> <!-- newlogin -->
      </class> <!-- testScripts.Login -->
    </test> <!-- Default test -->
  </suite> <!-- Default suite -->
</testng-results>
